<?xml version="1.0" encoding="UTF-8"?>
<coverage generated="1665050904781" clover="3.2.0">
  <project timestamp="1665050904781" name="All files">
    <metrics statements="61" coveredstatements="61" conditionals="32" coveredconditionals="32" methods="9" coveredmethods="8" elements="102" coveredelements="101" complexity="0" loc="61" ncloc="61" packages="1" files="3" classes="3"/>
    <file name="Calculator.jsx" path="/home/cadt/Documents/Learn/aprende-tdd/src/Calculator.jsx">
      <metrics statements="37" coveredstatements="37" conditionals="10" coveredconditionals="10" methods="7" coveredmethods="6"/>
      <line num="1" count="1" type="stmt"/>
      <line num="2" count="1" type="stmt"/>
      <line num="3" count="1" type="stmt"/>
      <line num="4" count="1" type="cond" truecount="1" falsecount="0"/>
      <line num="5" count="1" type="stmt"/>
      <line num="6" count="1" type="cond" truecount="1" falsecount="0"/>
      <line num="7" count="1" type="stmt"/>
      <line num="8" count="1" type="stmt"/>
      <line num="9" count="1" type="cond" truecount="1" falsecount="0"/>
      <line num="10" count="22" type="stmt"/>
      <line num="11" count="22" type="stmt"/>
      <line num="12" count="22" type="cond" truecount="2" falsecount="0"/>
      <line num="13" count="22" type="stmt"/>
      <line num="14" count="22" type="stmt"/>
      <line num="15" count="22" type="stmt"/>
      <line num="16" count="22" type="stmt"/>
      <line num="17" count="22" type="stmt"/>
      <line num="18" count="22" type="stmt"/>
      <line num="19" count="22" type="cond" truecount="1" falsecount="0"/>
      <line num="20" count="22" type="stmt"/>
      <line num="21" count="22" type="cond" truecount="1" falsecount="0"/>
      <line num="22" count="22" type="stmt"/>
      <line num="23" count="22" type="stmt"/>
      <line num="24" count="22" type="stmt"/>
      <line num="25" count="22" type="stmt"/>
      <line num="26" count="22" type="stmt"/>
      <line num="27" count="22" type="stmt"/>
      <line num="28" count="22" type="cond" truecount="1" falsecount="0"/>
      <line num="29" count="22" type="stmt"/>
      <line num="30" count="22" type="stmt"/>
      <line num="31" count="22" type="stmt"/>
      <line num="32" count="22" type="stmt"/>
      <line num="33" count="22" type="cond" truecount="1" falsecount="0"/>
      <line num="34" count="22" type="stmt"/>
      <line num="35" count="22" type="stmt"/>
      <line num="36" count="22" type="stmt"/>
      <line num="37" count="22" type="cond" truecount="1" falsecount="0"/>
    </file>
    <file name="canReconfigure.js" path="/home/cadt/Documents/Learn/aprende-tdd/src/canReconfigure.js">
      <metrics statements="16" coveredstatements="16" conditionals="11" coveredconditionals="11" methods="1" coveredmethods="1"/>
      <line num="1" count="1" type="stmt"/>
      <line num="2" count="8" type="cond" truecount="2" falsecount="0"/>
      <line num="3" count="8" type="cond" truecount="1" falsecount="0"/>
      <line num="4" count="6" type="cond" truecount="1" falsecount="0"/>
      <line num="5" count="8" type="cond" truecount="1" falsecount="0"/>
      <line num="6" count="8" type="cond" truecount="2" falsecount="0"/>
      <line num="7" count="2" type="stmt"/>
      <line num="8" count="3" type="cond" truecount="1" falsecount="0"/>
      <line num="9" count="3" type="cond" truecount="1" falsecount="0"/>
      <line num="10" count="8" type="cond" truecount="2" falsecount="0"/>
      <line num="11" count="1" type="stmt"/>
      <line num="12" count="8" type="stmt"/>
      <line num="13" count="8" type="stmt"/>
      <line num="14" count="3" type="stmt"/>
      <line num="15" count="3" type="stmt"/>
      <line num="16" count="3" type="stmt"/>
    </file>
    <file name="fizzbuzz.js" path="/home/cadt/Documents/Learn/aprende-tdd/src/fizzbuzz.js">
      <metrics statements="8" coveredstatements="8" conditionals="11" coveredconditionals="11" methods="1" coveredmethods="1"/>
      <line num="1" count="1" type="stmt"/>
      <line num="2" count="13" type="cond" truecount="2" falsecount="0"/>
      <line num="3" count="13" type="cond" truecount="1" falsecount="0"/>
      <line num="4" count="13" type="cond" truecount="3" falsecount="0"/>
      <line num="5" count="13" type="cond" truecount="2" falsecount="0"/>
      <line num="6" count="13" type="cond" truecount="2" falsecount="0"/>
      <line num="7" count="2" type="cond" truecount="1" falsecount="0"/>
      <line num="8" count="2" type="stmt"/>
    </file>
  </project>
</coverage>
