{"/home/cadt/Documents/Learn/aprende-tdd/src/Calculator.jsx": {"path":"/home/cadt/Documents/Learn/aprende-tdd/src/Calculator.jsx","all":false,"statementMap":{"0":{"start":{"line":1,"column":0},"end":{"line":1,"column":33}},"1":{"start":{"line":2,"column":0},"end":{"line":2,"column":34}},"2":{"start":{"line":3,"column":0},"end":{"line":3,"column":0}},"3":{"start":{"line":4,"column":0},"end":{"line":4,"column":54}},"4":{"start":{"line":5,"column":0},"end":{"line":5,"column":52}},"5":{"start":{"line":6,"column":0},"end":{"line":6,"column":47}},"6":{"start":{"line":7,"column":0},"end":{"line":7,"column":29}},"7":{"start":{"line":8,"column":0},"end":{"line":8,"column":0}},"8":{"start":{"line":9,"column":0},"end":{"line":9,"column":33}},"9":{"start":{"line":10,"column":0},"end":{"line":10,"column":41}},"10":{"start":{"line":11,"column":0},"end":{"line":11,"column":0}},"11":{"start":{"line":12,"column":0},"end":{"line":12,"column":65}},"12":{"start":{"line":13,"column":0},"end":{"line":13,"column":0}},"13":{"start":{"line":14,"column":0},"end":{"line":14,"column":10}},"14":{"start":{"line":15,"column":0},"end":{"line":15,"column":9}},"15":{"start":{"line":16,"column":0},"end":{"line":16,"column":25}},"16":{"start":{"line":17,"column":0},"end":{"line":17,"column":38}},"17":{"start":{"line":18,"column":0},"end":{"line":18,"column":23}},"18":{"start":{"line":19,"column":0},"end":{"line":19,"column":29}},"19":{"start":{"line":20,"column":0},"end":{"line":20,"column":34}},"20":{"start":{"line":21,"column":0},"end":{"line":21,"column":27}},"21":{"start":{"line":22,"column":0},"end":{"line":22,"column":57}},"22":{"start":{"line":23,"column":0},"end":{"line":23,"column":19}},"23":{"start":{"line":24,"column":0},"end":{"line":24,"column":23}},"24":{"start":{"line":25,"column":0},"end":{"line":25,"column":15}},"25":{"start":{"line":26,"column":0},"end":{"line":26,"column":16}},"26":{"start":{"line":27,"column":0},"end":{"line":27,"column":11}},"27":{"start":{"line":28,"column":0},"end":{"line":28,"column":32}},"28":{"start":{"line":29,"column":0},"end":{"line":29,"column":53}},"29":{"start":{"line":30,"column":0},"end":{"line":30,"column":15}},"30":{"start":{"line":31,"column":0},"end":{"line":31,"column":19}},"31":{"start":{"line":32,"column":0},"end":{"line":32,"column":11}},"32":{"start":{"line":33,"column":0},"end":{"line":33,"column":78}},"33":{"start":{"line":34,"column":0},"end":{"line":34,"column":12}},"34":{"start":{"line":35,"column":0},"end":{"line":35,"column":10}},"35":{"start":{"line":36,"column":0},"end":{"line":36,"column":4}},"36":{"start":{"line":37,"column":0},"end":{"line":37,"column":2}}},"s":{"0":1,"1":1,"2":1,"3":1,"4":1,"5":1,"6":1,"7":1,"8":1,"9":22,"10":22,"11":22,"12":22,"13":22,"14":22,"15":22,"16":22,"17":22,"18":22,"19":22,"20":22,"21":22,"22":22,"23":22,"24":22,"25":22,"26":22,"27":22,"28":22,"29":22,"30":22,"31":22,"32":22,"33":22,"34":22,"35":22,"36":22},"branchMap":{"0":{"type":"branch","line":4,"loc":{"start":{"line":4,"column":23},"end":{"line":4,"column":24}},"locations":[{"start":{"line":4,"column":23},"end":{"line":4,"column":24}}]},"1":{"type":"branch","line":6,"loc":{"start":{"line":6,"column":26},"end":{"line":6,"column":27}},"locations":[{"start":{"line":6,"column":26},"end":{"line":6,"column":27}}]},"2":{"type":"branch","line":9,"loc":{"start":{"line":9,"column":26},"end":{"line":37,"column":2}},"locations":[{"start":{"line":9,"column":26},"end":{"line":37,"column":2}}]},"3":{"type":"branch","line":12,"loc":{"start":{"line":12,"column":25},"end":{"line":12,"column":47}},"locations":[{"start":{"line":12,"column":25},"end":{"line":12,"column":47}}]},"4":{"type":"branch","line":12,"loc":{"start":{"line":12,"column":32},"end":{"line":12,"column":47}},"locations":[{"start":{"line":12,"column":32},"end":{"line":12,"column":47}}]},"5":{"type":"branch","line":19,"loc":{"start":{"line":19,"column":19},"end":{"line":20,"column":15}},"locations":[{"start":{"line":19,"column":19},"end":{"line":20,"column":15}}]},"6":{"type":"branch","line":21,"loc":{"start":{"line":21,"column":20},"end":{"line":22,"column":27}},"locations":[{"start":{"line":21,"column":20},"end":{"line":22,"column":27}}]},"7":{"type":"branch","line":28,"loc":{"start":{"line":28,"column":25},"end":{"line":29,"column":23}},"locations":[{"start":{"line":28,"column":25},"end":{"line":29,"column":23}}]},"8":{"type":"branch","line":33,"loc":{"start":{"line":33,"column":25},"end":{"line":33,"column":40}},"locations":[{"start":{"line":33,"column":25},"end":{"line":33,"column":40}}]},"9":{"type":"branch","line":37,"loc":{"start":{"line":37,"column":1},"end":{"line":37,"column":2}},"locations":[{"start":{"line":37,"column":1},"end":{"line":37,"column":2}}]}},"b":{"0":[1],"1":[1],"2":[22],"3":[308],"4":[10],"5":[88],"6":[220],"7":[88],"8":[1],"9":[11]},"fnMap":{"0":{"name":"get","decl":{"start":{"line":4,"column":23},"end":{"line":4,"column":24}},"loc":{"start":{"line":4,"column":23},"end":{"line":4,"column":24}},"line":4},"1":{"name":"get","decl":{"start":{"line":6,"column":26},"end":{"line":6,"column":27}},"loc":{"start":{"line":6,"column":26},"end":{"line":6,"column":27}},"line":6},"2":{"name":"get","decl":{"start":{"line":7,"column":25},"end":{"line":7,"column":29}},"loc":{"start":{"line":7,"column":25},"end":{"line":7,"column":29}},"line":7},"3":{"name":"Calculator","decl":{"start":{"line":9,"column":26},"end":{"line":37,"column":2}},"loc":{"start":{"line":9,"column":26},"end":{"line":37,"column":2}},"line":9},"4":{"name":"handleButtons","decl":{"start":{"line":12,"column":25},"end":{"line":12,"column":47}},"loc":{"start":{"line":12,"column":25},"end":{"line":12,"column":47}},"line":12},"5":{"name":"onClick","decl":{"start":{"line":33,"column":25},"end":{"line":33,"column":40}},"loc":{"start":{"line":33,"column":25},"end":{"line":33,"column":40}},"line":33},"6":{"name":"get","decl":{"start":{"line":37,"column":1},"end":{"line":37,"column":2}},"loc":{"start":{"line":37,"column":1},"end":{"line":37,"column":2}},"line":37}},"f":{"0":1,"1":1,"2":0,"3":22,"4":308,"5":1,"6":11}}
,"/home/cadt/Documents/Learn/aprende-tdd/src/canReconfigure.js": {"path":"/home/cadt/Documents/Learn/aprende-tdd/src/canReconfigure.js","all":false,"statementMap":{"0":{"start":{"line":1,"column":0},"end":{"line":1,"column":45}},"1":{"start":{"line":2,"column":0},"end":{"line":2,"column":40}},"2":{"start":{"line":3,"column":0},"end":{"line":3,"column":56}},"3":{"start":{"line":4,"column":0},"end":{"line":4,"column":36}},"4":{"start":{"line":5,"column":0},"end":{"line":5,"column":57}},"5":{"start":{"line":6,"column":0},"end":{"line":6,"column":60}},"6":{"start":{"line":7,"column":0},"end":{"line":7,"column":0}},"7":{"start":{"line":8,"column":0},"end":{"line":8,"column":20}},"8":{"start":{"line":9,"column":0},"end":{"line":9,"column":45}},"9":{"start":{"line":10,"column":0},"end":{"line":10,"column":61}},"10":{"start":{"line":11,"column":0},"end":{"line":11,"column":0}},"11":{"start":{"line":12,"column":0},"end":{"line":12,"column":25}},"12":{"start":{"line":13,"column":0},"end":{"line":13,"column":15}},"13":{"start":{"line":14,"column":0},"end":{"line":14,"column":9}},"14":{"start":{"line":15,"column":0},"end":{"line":15,"column":16}},"15":{"start":{"line":16,"column":0},"end":{"line":16,"column":2}}},"s":{"0":1,"1":8,"2":8,"3":6,"4":8,"5":8,"6":2,"7":3,"8":3,"9":8,"10":1,"11":8,"12":8,"13":3,"14":3,"15":3},"branchMap":{"0":{"type":"branch","line":2,"loc":{"start":{"line":2,"column":-1},"end":{"line":16,"column":2}},"locations":[{"start":{"line":2,"column":-1},"end":{"line":16,"column":2}}]},"1":{"type":"branch","line":2,"loc":{"start":{"line":2,"column":13},"end":{"line":2,"column":40}},"locations":[{"start":{"line":2,"column":13},"end":{"line":2,"column":40}}]},"2":{"type":"branch","line":3,"loc":{"start":{"line":3,"column":5},"end":{"line":4,"column":2}},"locations":[{"start":{"line":3,"column":5},"end":{"line":4,"column":2}}]},"3":{"type":"branch","line":4,"loc":{"start":{"line":4,"column":0},"end":{"line":4,"column":36}},"locations":[{"start":{"line":4,"column":0},"end":{"line":4,"column":36}}]},"4":{"type":"branch","line":5,"loc":{"start":{"line":5,"column":5},"end":{"line":6,"column":2}},"locations":[{"start":{"line":5,"column":5},"end":{"line":6,"column":2}}]},"5":{"type":"branch","line":6,"loc":{"start":{"line":6,"column":0},"end":{"line":6,"column":48}},"locations":[{"start":{"line":6,"column":0},"end":{"line":6,"column":48}}]},"6":{"type":"branch","line":6,"loc":{"start":{"line":6,"column":48},"end":{"line":7,"column":0}},"locations":[{"start":{"line":6,"column":48},"end":{"line":7,"column":0}}]},"7":{"type":"branch","line":8,"loc":{"start":{"line":8,"column":-1},"end":{"line":16,"column":2}},"locations":[{"start":{"line":8,"column":-1},"end":{"line":16,"column":2}}]},"8":{"type":"branch","line":9,"loc":{"start":{"line":9,"column":25},"end":{"line":14,"column":4}},"locations":[{"start":{"line":9,"column":25},"end":{"line":14,"column":4}}]},"9":{"type":"branch","line":10,"loc":{"start":{"line":10,"column":21},"end":{"line":10,"column":45}},"locations":[{"start":{"line":10,"column":21},"end":{"line":10,"column":45}}]},"10":{"type":"branch","line":10,"loc":{"start":{"line":10,"column":47},"end":{"line":11,"column":0}},"locations":[{"start":{"line":10,"column":47},"end":{"line":11,"column":0}}]}},"b":{"0":[8],"1":[7],"2":[2],"3":[6],"4":[1],"5":[5],"6":[2],"7":[3],"8":[8],"9":[1],"10":[1]},"fnMap":{"0":{"name":"canReconfigure","decl":{"start":{"line":2,"column":-1},"end":{"line":16,"column":2}},"loc":{"start":{"line":2,"column":-1},"end":{"line":16,"column":2}},"line":2}},"f":{"0":8}}
,"/home/cadt/Documents/Learn/aprende-tdd/src/fizzbuzz.js": {"path":"/home/cadt/Documents/Learn/aprende-tdd/src/fizzbuzz.js","all":false,"statementMap":{"0":{"start":{"line":1,"column":0},"end":{"line":1,"column":37}},"1":{"start":{"line":2,"column":0},"end":{"line":2,"column":57}},"2":{"start":{"line":3,"column":0},"end":{"line":3,"column":50}},"3":{"start":{"line":4,"column":0},"end":{"line":4,"column":62}},"4":{"start":{"line":5,"column":0},"end":{"line":5,"column":38}},"5":{"start":{"line":6,"column":0},"end":{"line":6,"column":38}},"6":{"start":{"line":7,"column":0},"end":{"line":7,"column":16}},"7":{"start":{"line":8,"column":0},"end":{"line":8,"column":2}}},"s":{"0":1,"1":13,"2":13,"3":13,"4":13,"5":13,"6":2,"7":2},"branchMap":{"0":{"type":"branch","line":2,"loc":{"start":{"line":2,"column":-1},"end":{"line":8,"column":2}},"locations":[{"start":{"line":2,"column":-1},"end":{"line":8,"column":2}}]},"1":{"type":"branch","line":2,"loc":{"start":{"line":2,"column":34},"end":{"line":2,"column":57}},"locations":[{"start":{"line":2,"column":34},"end":{"line":2,"column":57}}]},"2":{"type":"branch","line":3,"loc":{"start":{"line":3,"column":5},"end":{"line":4,"column":2}},"locations":[{"start":{"line":3,"column":5},"end":{"line":4,"column":2}}]},"3":{"type":"branch","line":4,"loc":{"start":{"line":4,"column":0},"end":{"line":4,"column":24}},"locations":[{"start":{"line":4,"column":0},"end":{"line":4,"column":24}}]},"4":{"type":"branch","line":4,"loc":{"start":{"line":4,"column":24},"end":{"line":4,"column":43}},"locations":[{"start":{"line":4,"column":24},"end":{"line":4,"column":43}}]},"5":{"type":"branch","line":4,"loc":{"start":{"line":4,"column":45},"end":{"line":5,"column":2}},"locations":[{"start":{"line":4,"column":45},"end":{"line":5,"column":2}}]},"6":{"type":"branch","line":5,"loc":{"start":{"line":5,"column":0},"end":{"line":5,"column":25}},"locations":[{"start":{"line":5,"column":0},"end":{"line":5,"column":25}}]},"7":{"type":"branch","line":5,"loc":{"start":{"line":5,"column":25},"end":{"line":6,"column":2}},"locations":[{"start":{"line":5,"column":25},"end":{"line":6,"column":2}}]},"8":{"type":"branch","line":6,"loc":{"start":{"line":6,"column":0},"end":{"line":6,"column":25}},"locations":[{"start":{"line":6,"column":0},"end":{"line":6,"column":25}}]},"9":{"type":"branch","line":6,"loc":{"start":{"line":6,"column":25},"end":{"line":7,"column":2}},"locations":[{"start":{"line":6,"column":25},"end":{"line":7,"column":2}}]},"10":{"type":"branch","line":7,"loc":{"start":{"line":7,"column":0},"end":{"line":8,"column":2}},"locations":[{"start":{"line":7,"column":0},"end":{"line":8,"column":2}}]}},"b":{"0":[13],"1":[10],"2":[3],"3":[10],"4":[5],"5":[1],"6":[9],"7":[4],"8":[5],"9":[3],"10":[2]},"fnMap":{"0":{"name":"fizzbuzz","decl":{"start":{"line":2,"column":-1},"end":{"line":8,"column":2}},"loc":{"start":{"line":2,"column":-1},"end":{"line":8,"column":2}},"line":2}},"f":{"0":13}}
}
